<?xml version="1.0" encoding="UTF-8"?>
<!-- Generated by org.testng.reporters.JUnitXMLReporter -->
<testsuite ignored="2" hostname="LAPTOP-02L90OR2" failures="0" tests="2" name="Test" time="19.749" errors="0" timestamp="2021-08-07T19:06:14 IST">
  <testcase classname="com.MultiLanguageLocale.mytests.HomePageTest" name="contactFooterTest" time="0.315"/>
  <testcase classname="com.MultiLanguageLocale.mytests.HomePageTest" name="headerTest" time="0.157"/>
  <testcase classname="com.MultiLanguageLocale.testBase.BaseTest" name="@AfterTest tearDown" time="0.0">
    <ignored/>
  </testcase> <!-- @AfterTest tearDown -->
  <testcase classname="com.MultiLanguageLocale.testBase.BaseTest" name="@BeforeTest setUp" time="0.0">
    <ignored/>
  </testcase> <!-- @BeforeTest setUp -->
</testsuite> <!-- Test -->
