<?xml version="1.0" encoding="UTF-8"?>
<testng-results ignored="2" total="4" passed="2" failed="0" skipped="0">
  <reporter-output>
  </reporter-output>
  <suite started-at="2021-08-27T22:07:06 IST" name="Suite" finished-at="2021-08-27T22:07:17 IST" duration-ms="11094">
    <groups>
    </groups>
    <test started-at="2021-08-27T22:07:06 IST" name="Test" finished-at="2021-08-27T22:07:17 IST" duration-ms="11094">
      <class name="com.MultiLanguageLocale.mytests.HomePageTest">
        <test-method is-config="true" signature="setUp()[pri:0, instance:com.MultiLanguageLocale.mytests.HomePageTest@51f116b8]" started-at="2021-08-27T22:07:06 IST" name="setUp" finished-at="2021-08-27T22:07:16 IST" duration-ms="9961" status="PASS">
          <reporter-output>
          </reporter-output>
        </test-method> <!-- setUp -->
        <test-method signature="contactFooterTest()[pri:0, instance:com.MultiLanguageLocale.mytests.HomePageTest@51f116b8]" started-at="2021-08-27T22:07:16 IST" name="contactFooterTest" finished-at="2021-08-27T22:07:16 IST" duration-ms="128" status="PASS">
          <reporter-output>
          </reporter-output>
        </test-method> <!-- contactFooterTest -->
        <test-method signature="headerTest()[pri:0, instance:com.MultiLanguageLocale.mytests.HomePageTest@51f116b8]" started-at="2021-08-27T22:07:16 IST" name="headerTest" finished-at="2021-08-27T22:07:16 IST" duration-ms="106" status="PASS">
          <reporter-output>
          </reporter-output>
        </test-method> <!-- headerTest -->
        <test-method is-config="true" signature="tearDown()[pri:0, instance:com.MultiLanguageLocale.mytests.HomePageTest@51f116b8]" started-at="2021-08-27T22:07:16 IST" name="tearDown" finished-at="2021-08-27T22:07:17 IST" duration-ms="871" status="PASS">
          <reporter-output>
          </reporter-output>
        </test-method> <!-- tearDown -->
      </class> <!-- com.MultiLanguageLocale.mytests.HomePageTest -->
    </test> <!-- Test -->
  </suite> <!-- Suite -->
</testng-results>
