<?xml version="1.0" encoding="UTF-8"?>
<testng-results ignored="2" total="4" passed="2" failed="0" skipped="0">
  <reporter-output>
  </reporter-output>
  <suite started-at="2021-08-07T19:05:54 IST" name="Suite" finished-at="2021-08-07T19:06:14 IST" duration-ms="19749">
    <groups>
    </groups>
    <test started-at="2021-08-07T19:05:54 IST" name="Test" finished-at="2021-08-07T19:06:14 IST" duration-ms="19749">
      <class name="com.MultiLanguageLocale.mytests.HomePageTest">
        <test-method is-config="true" signature="setUp()[pri:0, instance:com.MultiLanguageLocale.mytests.HomePageTest@2053d869]" started-at="2021-08-07T19:05:54 IST" name="setUp" finished-at="2021-08-07T19:06:12 IST" duration-ms="18420" status="PASS">
          <reporter-output>
          </reporter-output>
        </test-method> <!-- setUp -->
        <test-method signature="contactFooterTest()[pri:0, instance:com.MultiLanguageLocale.mytests.HomePageTest@2053d869]" started-at="2021-08-07T19:06:12 IST" name="contactFooterTest" finished-at="2021-08-07T19:06:13 IST" duration-ms="315" status="PASS">
          <reporter-output>
          </reporter-output>
        </test-method> <!-- contactFooterTest -->
        <test-method signature="headerTest()[pri:0, instance:com.MultiLanguageLocale.mytests.HomePageTest@2053d869]" started-at="2021-08-07T19:06:13 IST" name="headerTest" finished-at="2021-08-07T19:06:13 IST" duration-ms="157" status="PASS">
          <reporter-output>
          </reporter-output>
        </test-method> <!-- headerTest -->
        <test-method is-config="true" signature="tearDown()[pri:0, instance:com.MultiLanguageLocale.mytests.HomePageTest@2053d869]" started-at="2021-08-07T19:06:13 IST" name="tearDown" finished-at="2021-08-07T19:06:14 IST" duration-ms="746" status="PASS">
          <reporter-output>
          </reporter-output>
        </test-method> <!-- tearDown -->
      </class> <!-- com.MultiLanguageLocale.mytests.HomePageTest -->
    </test> <!-- Test -->
  </suite> <!-- Suite -->
</testng-results>
